[2022-12-22 15:29:33:459][background-preinit] INFO  o.h.validator.internal.util.Version - HV000001: Hibernate Validator 8.0.0.Final
[2022-12-22 15:29:33:468][Test worker] WARN  o.s.b.t.j.DuplicateJsonObjectContextCustomizerFactory$DuplicateJsonObjectContextCustomizer - 

Found multiple occurrences of org.json.JSONObject on the class path:

	jar:file:/C:/Users/gkim3/.gradle/caches/modules-2/files-2.1/org.json/json/20220924/5aa95e7688f76c664af205c5937620f02688dfbc/json-20220924.jar!/org/json/JSONObject.class
	jar:file:/C:/Users/gkim3/.gradle/caches/modules-2/files-2.1/com.vaadin.external.google/android-json/0.0.20131108.vaadin1/fa26d351fe62a6a17f5cda1287c1c6110dec413f/android-json-0.0.20131108.vaadin1.jar!/org/json/JSONObject.class

You may wish to exclude one of them to ensure predictable runtime behavior

[2022-12-22 15:29:33:480][Test worker] INFO  c.t.h.HanghaesistersApplicationTests - Starting HanghaesistersApplicationTests using Java 17.0.5 with PID 18632 (started by gkim3 in C:\Users\gkim3\IdeaProjects\SistersBack)
[2022-12-22 15:29:33:480][Test worker] INFO  c.t.h.HanghaesistersApplicationTests - The following 1 profile is active: "security"
[2022-12-22 15:29:34:926][Test worker] INFO  o.s.d.r.c.RepositoryConfigurationDelegate - Bootstrapping Spring Data JPA repositories in DEFAULT mode.
[2022-12-22 15:29:34:975][Test worker] INFO  o.s.d.r.c.RepositoryConfigurationDelegate - Finished Spring Data repository scanning in 43 ms. Found 4 JPA repository interfaces.
[2022-12-22 15:29:34:1299][Test worker] INFO  o.h.jpa.internal.util.LogHelper - HHH000204: Processing PersistenceUnitInfo [name: default]
[2022-12-22 15:29:34:1339][Test worker] INFO  org.hibernate.Version - HHH000412: Hibernate ORM core version 6.1.5.Final
[2022-12-22 15:29:34:1468][Test worker] WARN  org.hibernate.orm.deprecation - HHH90000021: Encountered deprecated setting [javax.persistence.sharedCache.mode], use [jakarta.persistence.sharedCache.mode] instead
[2022-12-22 15:29:34:1554][Test worker] INFO  com.zaxxer.hikari.HikariDataSource - HikariPool-1 - Starting...
[2022-12-22 15:29:35:1863][Test worker] INFO  com.zaxxer.hikari.pool.HikariPool - HikariPool-1 - Added connection com.mysql.cj.jdbc.ConnectionImpl@7ba1cdbe
[2022-12-22 15:29:35:1864][Test worker] INFO  com.zaxxer.hikari.HikariDataSource - HikariPool-1 - Start completed.
[2022-12-22 15:29:35:1917][Test worker] INFO  SQL dialect - HHH000400: Using dialect: org.hibernate.dialect.MySQLDialect
[2022-12-22 15:29:35:2574][Test worker] INFO  o.h.e.t.j.p.i.JtaPlatformInitiator - HHH000490: Using JtaPlatform implementation: [org.hibernate.engine.transaction.jta.platform.internal.NoJtaPlatform]
[2022-12-22 15:29:35:2580][Test worker] INFO  o.s.o.j.LocalContainerEntityManagerFactoryBean - Initialized JPA EntityManagerFactory for persistence unit 'default'
[2022-12-22 15:29:36:3126][Test worker] WARN  o.s.b.a.o.j.JpaBaseConfiguration$JpaWebConfiguration - spring.jpa.open-in-view is enabled by default. Therefore, database queries may be performed during view rendering. Explicitly configure spring.jpa.open-in-view to disable this warning
[2022-12-22 15:29:36:3311][Test worker] INFO  o.s.s.w.DefaultSecurityFilterChain - Will secure any request with [org.springframework.security.web.session.DisableEncodeUrlFilter@3459ccd9, org.springframework.security.web.context.request.async.WebAsyncManagerIntegrationFilter@1147a8de, org.springframework.security.web.context.SecurityContextHolderFilter@626edbe0, org.springframework.security.web.header.HeaderWriterFilter@4e41b993, org.springframework.web.filter.CorsFilter@29471e3e, org.springframework.security.web.authentication.logout.LogoutFilter@4be171d1, com.team6.hanghaesisters.security.jwt.JwtAuthFilter@73fa97a9, org.springframework.security.web.savedrequest.RequestCacheAwareFilter@a05727b, org.springframework.security.web.servletapi.SecurityContextHolderAwareRequestFilter@6cf633eb, org.springframework.security.web.authentication.AnonymousAuthenticationFilter@93fb20b, org.springframework.security.web.session.SessionManagementFilter@30ae6721, org.springframework.security.web.access.ExceptionTranslationFilter@33c5cc0, org.springframework.security.web.access.intercept.AuthorizationFilter@2100d881]
[2022-12-22 15:29:36:3520][Test worker] INFO  c.t.h.HanghaesistersApplicationTests - Started HanghaesistersApplicationTests in 3.267 seconds (process running for 4.037)
[2022-12-22 15:29:36:3671][SpringApplicationShutdownHook] INFO  o.s.o.j.LocalContainerEntityManagerFactoryBean - Closing JPA EntityManagerFactory for persistence unit 'default'
[2022-12-22 15:29:36:3673][SpringApplicationShutdownHook] INFO  com.zaxxer.hikari.HikariDataSource - HikariPool-1 - Shutdown initiated...
[2022-12-22 15:29:36:3753][SpringApplicationShutdownHook] INFO  com.zaxxer.hikari.HikariDataSource - HikariPool-1 - Shutdown completed.
[2022-12-22 15:42:55:452][background-preinit] INFO  o.h.validator.internal.util.Version - HV000001: Hibernate Validator 8.0.0.Final
[2022-12-22 15:42:55:480][restartedMain] INFO  c.t.h.HanghaesistersApplication - Starting HanghaesistersApplication using Java 17.0.5 with PID 24712 (C:\Users\gkim3\IdeaProjects\SistersBack\out\production\classes started by gkim3 in C:\Users\gkim3\IdeaProjects\SistersBack)
[2022-12-22 15:42:55:481][restartedMain] INFO  c.t.h.HanghaesistersApplication - The following 1 profile is active: "security"
[2022-12-22 15:42:55:510][restartedMain] INFO  o.s.b.d.e.DevToolsPropertyDefaultsPostProcessor - Devtools property defaults active! Set 'spring.devtools.add-properties' to 'false' to disable
[2022-12-22 15:42:55:510][restartedMain] INFO  o.s.b.d.e.DevToolsPropertyDefaultsPostProcessor - For additional web related logging consider setting the 'logging.level.web' property to 'DEBUG'
[2022-12-22 15:42:56:979][restartedMain] INFO  o.s.d.r.c.RepositoryConfigurationDelegate - Bootstrapping Spring Data JPA repositories in DEFAULT mode.
[2022-12-22 15:42:56:1025][restartedMain] INFO  o.s.d.r.c.RepositoryConfigurationDelegate - Finished Spring Data repository scanning in 40 ms. Found 4 JPA repository interfaces.
[2022-12-22 15:42:56:1396][restartedMain] INFO  o.s.b.w.e.tomcat.TomcatWebServer - Tomcat initialized with port(s): 8080 (http)
[2022-12-22 15:42:56:1403][restartedMain] INFO  o.a.coyote.http11.Http11NioProtocol - Initializing ProtocolHandler ["http-nio-8080"]
[2022-12-22 15:42:56:1403][restartedMain] INFO  o.a.catalina.core.StandardService - Starting service [Tomcat]
[2022-12-22 15:42:56:1404][restartedMain] INFO  o.a.catalina.core.StandardEngine - Starting Servlet engine: [Apache Tomcat/10.1.1]
[2022-12-22 15:42:56:1444][restartedMain] INFO  o.a.c.c.C.[Tomcat].[localhost].[/] - Initializing Spring embedded WebApplicationContext
[2022-12-22 15:42:56:1444][restartedMain] INFO  o.s.b.w.s.c.ServletWebServerApplicationContext - Root WebApplicationContext: initialization completed in 934 ms
[2022-12-22 15:42:56:1544][restartedMain] INFO  o.h.jpa.internal.util.LogHelper - HHH000204: Processing PersistenceUnitInfo [name: default]
[2022-12-22 15:42:56:1575][restartedMain] INFO  org.hibernate.Version - HHH000412: Hibernate ORM core version 6.1.5.Final
[2022-12-22 15:42:56:1690][restartedMain] WARN  org.hibernate.orm.deprecation - HHH90000021: Encountered deprecated setting [javax.persistence.sharedCache.mode], use [jakarta.persistence.sharedCache.mode] instead
[2022-12-22 15:42:56:1766][restartedMain] INFO  com.zaxxer.hikari.HikariDataSource - HikariPool-1 - Starting...
[2022-12-22 15:42:57:2060][restartedMain] INFO  com.zaxxer.hikari.pool.HikariPool - HikariPool-1 - Added connection com.mysql.cj.jdbc.ConnectionImpl@38d7292a
[2022-12-22 15:42:57:2062][restartedMain] INFO  com.zaxxer.hikari.HikariDataSource - HikariPool-1 - Start completed.
[2022-12-22 15:42:57:2116][restartedMain] INFO  SQL dialect - HHH000400: Using dialect: org.hibernate.dialect.MySQLDialect
[2022-12-22 15:42:57:2237][restartedMain] WARN  o.s.c.LocalVariableTableParameterNameDiscoverer - Using deprecated '-debug' fallback for parameter name resolution. Compile the affected code with '-parameters' instead or avoid its introspection: com.team6.hanghaesisters.util.PasswordEncConverter
[2022-12-22 15:42:57:2240][restartedMain] WARN  o.s.c.LocalVariableTableParameterNameDiscoverer - Using deprecated '-debug' fallback for parameter name resolution. Compile the affected code with '-parameters' instead or avoid its introspection: com.team6.hanghaesisters.security.jwt.JwtUtil
[2022-12-22 15:42:57:2743][restartedMain] INFO  o.h.e.t.j.p.i.JtaPlatformInitiator - HHH000490: Using JtaPlatform implementation: [org.hibernate.engine.transaction.jta.platform.internal.NoJtaPlatform]
[2022-12-22 15:42:57:2749][restartedMain] INFO  o.s.o.j.LocalContainerEntityManagerFactoryBean - Initialized JPA EntityManagerFactory for persistence unit 'default'
[2022-12-22 15:42:57:2756][restartedMain] WARN  o.s.c.LocalVariableTableParameterNameDiscoverer - Using deprecated '-debug' fallback for parameter name resolution. Compile the affected code with '-parameters' instead or avoid its introspection: com.team6.hanghaesisters.controller.CommentController
[2022-12-22 15:42:57:2758][restartedMain] WARN  o.s.c.LocalVariableTableParameterNameDiscoverer - Using deprecated '-debug' fallback for parameter name resolution. Compile the affected code with '-parameters' instead or avoid its introspection: com.team6.hanghaesisters.service.CommentService
[2022-12-22 15:42:58:2892][restartedMain] WARN  o.s.c.LocalVariableTableParameterNameDiscoverer - Using deprecated '-debug' fallback for parameter name resolution. Compile the affected code with '-parameters' instead or avoid its introspection: com.team6.hanghaesisters.repository.PostRepository
[2022-12-22 15:42:58:3117][restartedMain] WARN  o.s.c.LocalVariableTableParameterNameDiscoverer - Using deprecated '-debug' fallback for parameter name resolution. Compile the affected code with '-parameters' instead or avoid its introspection: com.team6.hanghaesisters.repository.UserRepository
[2022-12-22 15:42:58:3134][restartedMain] WARN  o.s.c.LocalVariableTableParameterNameDiscoverer - Using deprecated '-debug' fallback for parameter name resolution. Compile the affected code with '-parameters' instead or avoid its introspection: com.team6.hanghaesisters.controller.PostController
[2022-12-22 15:42:58:3135][restartedMain] WARN  o.s.c.LocalVariableTableParameterNameDiscoverer - Using deprecated '-debug' fallback for parameter name resolution. Compile the affected code with '-parameters' instead or avoid its introspection: com.team6.hanghaesisters.service.PostService
[2022-12-22 15:42:58:3164][restartedMain] WARN  o.s.c.LocalVariableTableParameterNameDiscoverer - Using deprecated '-debug' fallback for parameter name resolution. Compile the affected code with '-parameters' instead or avoid its introspection: com.team6.hanghaesisters.controller.UserController
[2022-12-22 15:42:58:3165][restartedMain] WARN  o.s.c.LocalVariableTableParameterNameDiscoverer - Using deprecated '-debug' fallback for parameter name resolution. Compile the affected code with '-parameters' instead or avoid its introspection: com.team6.hanghaesisters.service.UserService
[2022-12-22 15:42:58:3184][restartedMain] WARN  o.s.c.LocalVariableTableParameterNameDiscoverer - Using deprecated '-debug' fallback for parameter name resolution. Compile the affected code with '-parameters' instead or avoid its introspection: com.team6.hanghaesisters.scheduler.HospitalScheduler
[2022-12-22 15:42:58:3185][restartedMain] WARN  o.s.c.LocalVariableTableParameterNameDiscoverer - Using deprecated '-debug' fallback for parameter name resolution. Compile the affected code with '-parameters' instead or avoid its introspection: com.team6.hanghaesisters.service.HospitalService
[2022-12-22 15:42:58:3192][restartedMain] WARN  o.s.c.LocalVariableTableParameterNameDiscoverer - Using deprecated '-debug' fallback for parameter name resolution. Compile the affected code with '-parameters' instead or avoid its introspection: com.team6.hanghaesisters.security.CustomAuthenticationProvider
[2022-12-22 15:42:58:3193][restartedMain] WARN  o.s.c.LocalVariableTableParameterNameDiscoverer - Using deprecated '-debug' fallback for parameter name resolution. Compile the affected code with '-parameters' instead or avoid its introspection: com.team6.hanghaesisters.security.UserDetailsServiceImpl
[2022-12-22 15:42:58:3194][restartedMain] WARN  o.s.c.LocalVariableTableParameterNameDiscoverer - Using deprecated '-debug' fallback for parameter name resolution. Compile the affected code with '-parameters' instead or avoid its introspection: com.team6.hanghaesisters.validation.SignupValidator
[2022-12-22 15:42:58:3212][restartedMain] WARN  o.s.b.a.o.j.JpaBaseConfiguration$JpaWebConfiguration - spring.jpa.open-in-view is enabled by default. Therefore, database queries may be performed during view rendering. Explicitly configure spring.jpa.open-in-view to disable this warning
[2022-12-22 15:42:58:3256][restartedMain] WARN  o.s.c.LocalVariableTableParameterNameDiscoverer - Using deprecated '-debug' fallback for parameter name resolution. Compile the affected code with '-parameters' instead or avoid its introspection: com.team6.hanghaesisters.security.WebSecurityConfig
[2022-12-22 15:42:58:3351][restartedMain] INFO  o.s.s.w.DefaultSecurityFilterChain - Will secure any request with [org.springframework.security.web.session.DisableEncodeUrlFilter@313c5347, org.springframework.security.web.context.request.async.WebAsyncManagerIntegrationFilter@68de6bf5, org.springframework.security.web.context.SecurityContextHolderFilter@3878a5ba, org.springframework.security.web.header.HeaderWriterFilter@43b181e5, org.springframework.web.filter.CorsFilter@4a00a4b7, org.springframework.security.web.authentication.logout.LogoutFilter@2e4c17cf, com.team6.hanghaesisters.security.jwt.JwtAuthFilter@1bb56c0b, org.springframework.security.web.savedrequest.RequestCacheAwareFilter@2101897a, org.springframework.security.web.servletapi.SecurityContextHolderAwareRequestFilter@579e5210, org.springframework.security.web.authentication.AnonymousAuthenticationFilter@4840a251, org.springframework.security.web.session.SessionManagementFilter@ffb0f3a, org.springframework.security.web.access.ExceptionTranslationFilter@1f7e6b2e, org.springframework.security.web.access.intercept.AuthorizationFilter@42c0e7d6]
[2022-12-22 15:42:58:3489][restartedMain] INFO  o.s.b.d.a.OptionalLiveReloadServer - LiveReload server is running on port 35729
[2022-12-22 15:42:58:3501][restartedMain] INFO  o.a.coyote.http11.Http11NioProtocol - Starting ProtocolHandler ["http-nio-8080"]
[2022-12-22 15:42:58:3514][restartedMain] INFO  o.s.b.w.e.tomcat.TomcatWebServer - Tomcat started on port(s): 8080 (http) with context path ''
[2022-12-22 15:42:58:3522][restartedMain] INFO  c.t.h.HanghaesistersApplication - Started HanghaesistersApplication in 3.384 seconds (process running for 3.832)
[2022-12-22 15:43:13:18356][http-nio-8080-exec-2] INFO  o.a.c.c.C.[Tomcat].[localhost].[/] - Initializing Spring DispatcherServlet 'dispatcherServlet'
[2022-12-22 15:43:13:18357][http-nio-8080-exec-2] INFO  o.s.web.servlet.DispatcherServlet - Initializing Servlet 'dispatcherServlet'
[2022-12-22 15:43:13:18358][http-nio-8080-exec-2] INFO  o.s.web.servlet.DispatcherServlet - Completed initialization in 1 ms
[2022-12-22 15:43:13:18486][http-nio-8080-exec-2] INFO  c.t.h.service.PostService - []
[2022-12-22 15:44:30:95545][SpringApplicationShutdownHook] INFO  o.s.o.j.LocalContainerEntityManagerFactoryBean - Closing JPA EntityManagerFactory for persistence unit 'default'
[2022-12-22 15:44:30:95548][SpringApplicationShutdownHook] INFO  com.zaxxer.hikari.HikariDataSource - HikariPool-1 - Shutdown initiated...
[2022-12-22 15:44:30:95631][SpringApplicationShutdownHook] INFO  com.zaxxer.hikari.HikariDataSource - HikariPool-1 - Shutdown completed.
[2022-12-22 15:44:33:455][background-preinit] INFO  o.h.validator.internal.util.Version - HV000001: Hibernate Validator 8.0.0.Final
[2022-12-22 15:44:33:480][restartedMain] INFO  c.t.h.HanghaesistersApplication - Starting HanghaesistersApplication using Java 17.0.5 with PID 24352 (C:\Users\gkim3\IdeaProjects\SistersBack\out\production\classes started by gkim3 in C:\Users\gkim3\IdeaProjects\SistersBack)
[2022-12-22 15:44:33:481][restartedMain] INFO  c.t.h.HanghaesistersApplication - The following 1 profile is active: "security"
[2022-12-22 15:44:33:509][restartedMain] INFO  o.s.b.d.e.DevToolsPropertyDefaultsPostProcessor - Devtools property defaults active! Set 'spring.devtools.add-properties' to 'false' to disable
[2022-12-22 15:44:33:509][restartedMain] INFO  o.s.b.d.e.DevToolsPropertyDefaultsPostProcessor - For additional web related logging consider setting the 'logging.level.web' property to 'DEBUG'
[2022-12-22 15:44:34:962][restartedMain] INFO  o.s.d.r.c.RepositoryConfigurationDelegate - Bootstrapping Spring Data JPA repositories in DEFAULT mode.
[2022-12-22 15:44:34:1007][restartedMain] INFO  o.s.d.r.c.RepositoryConfigurationDelegate - Finished Spring Data repository scanning in 40 ms. Found 4 JPA repository interfaces.
[2022-12-22 15:44:34:1370][restartedMain] INFO  o.s.b.w.e.tomcat.TomcatWebServer - Tomcat initialized with port(s): 8080 (http)
[2022-12-22 15:44:34:1377][restartedMain] INFO  o.a.coyote.http11.Http11NioProtocol - Initializing ProtocolHandler ["http-nio-8080"]
[2022-12-22 15:44:34:1378][restartedMain] INFO  o.a.catalina.core.StandardService - Starting service [Tomcat]
[2022-12-22 15:44:34:1378][restartedMain] INFO  o.a.catalina.core.StandardEngine - Starting Servlet engine: [Apache Tomcat/10.1.1]
[2022-12-22 15:44:34:1418][restartedMain] INFO  o.a.c.c.C.[Tomcat].[localhost].[/] - Initializing Spring embedded WebApplicationContext
[2022-12-22 15:44:34:1418][restartedMain] INFO  o.s.b.w.s.c.ServletWebServerApplicationContext - Root WebApplicationContext: initialization completed in 909 ms
[2022-12-22 15:44:34:1517][restartedMain] INFO  o.h.jpa.internal.util.LogHelper - HHH000204: Processing PersistenceUnitInfo [name: default]
[2022-12-22 15:44:34:1549][restartedMain] INFO  org.hibernate.Version - HHH000412: Hibernate ORM core version 6.1.5.Final
[2022-12-22 15:44:34:1665][restartedMain] WARN  org.hibernate.orm.deprecation - HHH90000021: Encountered deprecated setting [javax.persistence.sharedCache.mode], use [jakarta.persistence.sharedCache.mode] instead
[2022-12-22 15:44:34:1739][restartedMain] INFO  com.zaxxer.hikari.HikariDataSource - HikariPool-1 - Starting...
[2022-12-22 15:44:35:2033][restartedMain] INFO  com.zaxxer.hikari.pool.HikariPool - HikariPool-1 - Added connection com.mysql.cj.jdbc.ConnectionImpl@6d63205a
[2022-12-22 15:44:35:2034][restartedMain] INFO  com.zaxxer.hikari.HikariDataSource - HikariPool-1 - Start completed.
[2022-12-22 15:44:35:2088][restartedMain] INFO  SQL dialect - HHH000400: Using dialect: org.hibernate.dialect.MySQLDialect
[2022-12-22 15:44:35:2207][restartedMain] WARN  o.s.c.LocalVariableTableParameterNameDiscoverer - Using deprecated '-debug' fallback for parameter name resolution. Compile the affected code with '-parameters' instead or avoid its introspection: com.team6.hanghaesisters.util.PasswordEncConverter
[2022-12-22 15:44:35:2211][restartedMain] WARN  o.s.c.LocalVariableTableParameterNameDiscoverer - Using deprecated '-debug' fallback for parameter name resolution. Compile the affected code with '-parameters' instead or avoid its introspection: com.team6.hanghaesisters.security.jwt.JwtUtil
[2022-12-22 15:44:35:2708][restartedMain] INFO  o.h.e.t.j.p.i.JtaPlatformInitiator - HHH000490: Using JtaPlatform implementation: [org.hibernate.engine.transaction.jta.platform.internal.NoJtaPlatform]
[2022-12-22 15:44:35:2714][restartedMain] INFO  o.s.o.j.LocalContainerEntityManagerFactoryBean - Initialized JPA EntityManagerFactory for persistence unit 'default'
[2022-12-22 15:44:35:2721][restartedMain] WARN  o.s.c.LocalVariableTableParameterNameDiscoverer - Using deprecated '-debug' fallback for parameter name resolution. Compile the affected code with '-parameters' instead or avoid its introspection: com.team6.hanghaesisters.controller.CommentController
[2022-12-22 15:44:35:2723][restartedMain] WARN  o.s.c.LocalVariableTableParameterNameDiscoverer - Using deprecated '-debug' fallback for parameter name resolution. Compile the affected code with '-parameters' instead or avoid its introspection: com.team6.hanghaesisters.service.CommentService
[2022-12-22 15:44:36:2856][restartedMain] WARN  o.s.c.LocalVariableTableParameterNameDiscoverer - Using deprecated '-debug' fallback for parameter name resolution. Compile the affected code with '-parameters' instead or avoid its introspection: com.team6.hanghaesisters.repository.PostRepository
[2022-12-22 15:44:36:3072][restartedMain] WARN  o.s.c.LocalVariableTableParameterNameDiscoverer - Using deprecated '-debug' fallback for parameter name resolution. Compile the affected code with '-parameters' instead or avoid its introspection: com.team6.hanghaesisters.repository.UserRepository
[2022-12-22 15:44:36:3088][restartedMain] WARN  o.s.c.LocalVariableTableParameterNameDiscoverer - Using deprecated '-debug' fallback for parameter name resolution. Compile the affected code with '-parameters' instead or avoid its introspection: com.team6.hanghaesisters.controller.PostController
[2022-12-22 15:44:36:3090][restartedMain] WARN  o.s.c.LocalVariableTableParameterNameDiscoverer - Using deprecated '-debug' fallback for parameter name resolution. Compile the affected code with '-parameters' instead or avoid its introspection: com.team6.hanghaesisters.service.PostService
[2022-12-22 15:44:36:3128][restartedMain] WARN  o.s.c.LocalVariableTableParameterNameDiscoverer - Using deprecated '-debug' fallback for parameter name resolution. Compile the affected code with '-parameters' instead or avoid its introspection: com.team6.hanghaesisters.controller.UserController
[2022-12-22 15:44:36:3129][restartedMain] WARN  o.s.c.LocalVariableTableParameterNameDiscoverer - Using deprecated '-debug' fallback for parameter name resolution. Compile the affected code with '-parameters' instead or avoid its introspection: com.team6.hanghaesisters.service.UserService
[2022-12-22 15:44:36:3145][restartedMain] WARN  o.s.c.LocalVariableTableParameterNameDiscoverer - Using deprecated '-debug' fallback for parameter name resolution. Compile the affected code with '-parameters' instead or avoid its introspection: com.team6.hanghaesisters.scheduler.HospitalScheduler
[2022-12-22 15:44:36:3146][restartedMain] WARN  o.s.c.LocalVariableTableParameterNameDiscoverer - Using deprecated '-debug' fallback for parameter name resolution. Compile the affected code with '-parameters' instead or avoid its introspection: com.team6.hanghaesisters.service.HospitalService
[2022-12-22 15:44:36:3153][restartedMain] WARN  o.s.c.LocalVariableTableParameterNameDiscoverer - Using deprecated '-debug' fallback for parameter name resolution. Compile the affected code with '-parameters' instead or avoid its introspection: com.team6.hanghaesisters.security.CustomAuthenticationProvider
[2022-12-22 15:44:36:3154][restartedMain] WARN  o.s.c.LocalVariableTableParameterNameDiscoverer - Using deprecated '-debug' fallback for parameter name resolution. Compile the affected code with '-parameters' instead or avoid its introspection: com.team6.hanghaesisters.security.UserDetailsServiceImpl
[2022-12-22 15:44:36:3155][restartedMain] WARN  o.s.c.LocalVariableTableParameterNameDiscoverer - Using deprecated '-debug' fallback for parameter name resolution. Compile the affected code with '-parameters' instead or avoid its introspection: com.team6.hanghaesisters.validation.SignupValidator
[2022-12-22 15:44:36:3173][restartedMain] WARN  o.s.b.a.o.j.JpaBaseConfiguration$JpaWebConfiguration - spring.jpa.open-in-view is enabled by default. Therefore, database queries may be performed during view rendering. Explicitly configure spring.jpa.open-in-view to disable this warning
[2022-12-22 15:44:36:3216][restartedMain] WARN  o.s.c.LocalVariableTableParameterNameDiscoverer - Using deprecated '-debug' fallback for parameter name resolution. Compile the affected code with '-parameters' instead or avoid its introspection: com.team6.hanghaesisters.security.WebSecurityConfig
[2022-12-22 15:44:36:3302][restartedMain] INFO  o.s.s.w.DefaultSecurityFilterChain - Will secure any request with [org.springframework.security.web.session.DisableEncodeUrlFilter@7a30806c, org.springframework.security.web.context.request.async.WebAsyncManagerIntegrationFilter@49e61730, org.springframework.security.web.context.SecurityContextHolderFilter@3c8edc99, org.springframework.security.web.header.HeaderWriterFilter@6fa3e4c1, org.springframework.web.filter.CorsFilter@56ef41f5, org.springframework.security.web.authentication.logout.LogoutFilter@10886d32, com.team6.hanghaesisters.security.jwt.JwtAuthFilter@2920d98c, org.springframework.security.web.savedrequest.RequestCacheAwareFilter@5d1c0849, org.springframework.security.web.servletapi.SecurityContextHolderAwareRequestFilter@60b5c5fe, org.springframework.security.web.authentication.AnonymousAuthenticationFilter@576d0f24, org.springframework.security.web.session.SessionManagementFilter@6b0b2548, org.springframework.security.web.access.ExceptionTranslationFilter@ab55843, org.springframework.security.web.access.intercept.AuthorizationFilter@313c5347]
[2022-12-22 15:44:36:3443][restartedMain] INFO  o.s.b.d.a.OptionalLiveReloadServer - LiveReload server is running on port 35729
[2022-12-22 15:44:36:3454][restartedMain] INFO  o.a.coyote.http11.Http11NioProtocol - Starting ProtocolHandler ["http-nio-8080"]
[2022-12-22 15:44:36:3467][restartedMain] INFO  o.s.b.w.e.tomcat.TomcatWebServer - Tomcat started on port(s): 8080 (http) with context path ''
[2022-12-22 15:44:36:3476][restartedMain] INFO  c.t.h.HanghaesistersApplication - Started HanghaesistersApplication in 3.337 seconds (process running for 3.76)
[2022-12-22 15:44:42:9632][http-nio-8080-exec-2] INFO  o.a.c.c.C.[Tomcat].[localhost].[/] - Initializing Spring DispatcherServlet 'dispatcherServlet'
[2022-12-22 15:44:42:9633][http-nio-8080-exec-2] INFO  o.s.web.servlet.DispatcherServlet - Initializing Servlet 'dispatcherServlet'
[2022-12-22 15:44:42:9634][http-nio-8080-exec-2] INFO  o.s.web.servlet.DispatcherServlet - Completed initialization in 1 ms
[2022-12-22 15:44:42:9661][http-nio-8080-exec-2] WARN  o.s.c.LocalVariableTableParameterNameDiscoverer - Using deprecated '-debug' fallback for parameter name resolution. Compile the affected code with '-parameters' instead or avoid its introspection: com.team6.hanghaesisters.controller.PostController
[2022-12-22 15:44:42:9665][http-nio-8080-exec-2] WARN  o.s.w.s.m.s.DefaultHandlerExceptionResolver - Resolved [org.springframework.web.method.annotation.MethodArgumentTypeMismatchException: Failed to convert value of type 'java.lang.String' to required type 'java.lang.Long'; For input string: "hospital"]
[2022-12-22 15:44:42:9670][http-nio-8080-exec-2] ERROR c.t.h.s.e.CustomAuthenticationEntryPoint - Full authentication is required to access this resource
[2022-12-22 15:44:58:25292][http-nio-8080-exec-3] WARN  o.s.w.s.m.s.DefaultHandlerExceptionResolver - Resolved [org.springframework.web.method.annotation.MethodArgumentTypeMismatchException: Failed to convert value of type 'java.lang.String' to required type 'java.lang.Long'; For input string: "hospital"]
[2022-12-22 15:44:58:25294][http-nio-8080-exec-3] ERROR c.t.h.s.e.CustomAuthenticationEntryPoint - Full authentication is required to access this resource
[2022-12-22 15:47:16:163217][SpringApplicationShutdownHook] INFO  o.s.o.j.LocalContainerEntityManagerFactoryBean - Closing JPA EntityManagerFactory for persistence unit 'default'
[2022-12-22 15:47:16:163219][SpringApplicationShutdownHook] INFO  com.zaxxer.hikari.HikariDataSource - HikariPool-1 - Shutdown initiated...
[2022-12-22 15:47:16:163304][SpringApplicationShutdownHook] INFO  com.zaxxer.hikari.HikariDataSource - HikariPool-1 - Shutdown completed.
[2022-12-22 15:47:19:438][background-preinit] INFO  o.h.validator.internal.util.Version - HV000001: Hibernate Validator 8.0.0.Final
[2022-12-22 15:47:19:465][restartedMain] INFO  c.t.h.HanghaesistersApplication - Starting HanghaesistersApplication using Java 17.0.5 with PID 13660 (C:\Users\gkim3\IdeaProjects\SistersBack\out\production\classes started by gkim3 in C:\Users\gkim3\IdeaProjects\SistersBack)
[2022-12-22 15:47:19:466][restartedMain] INFO  c.t.h.HanghaesistersApplication - The following 1 profile is active: "security"
[2022-12-22 15:47:19:494][restartedMain] INFO  o.s.b.d.e.DevToolsPropertyDefaultsPostProcessor - Devtools property defaults active! Set 'spring.devtools.add-properties' to 'false' to disable
[2022-12-22 15:47:19:494][restartedMain] INFO  o.s.b.d.e.DevToolsPropertyDefaultsPostProcessor - For additional web related logging consider setting the 'logging.level.web' property to 'DEBUG'
[2022-12-22 15:47:19:932][restartedMain] INFO  o.s.d.r.c.RepositoryConfigurationDelegate - Bootstrapping Spring Data JPA repositories in DEFAULT mode.
[2022-12-22 15:47:20:976][restartedMain] INFO  o.s.d.r.c.RepositoryConfigurationDelegate - Finished Spring Data repository scanning in 39 ms. Found 4 JPA repository interfaces.
[2022-12-22 15:47:20:1365][restartedMain] INFO  o.s.b.w.e.tomcat.TomcatWebServer - Tomcat initialized with port(s): 8080 (http)
[2022-12-22 15:47:20:1372][restartedMain] INFO  o.a.coyote.http11.Http11NioProtocol - Initializing ProtocolHandler ["http-nio-8080"]
[2022-12-22 15:47:20:1373][restartedMain] INFO  o.a.catalina.core.StandardService - Starting service [Tomcat]
[2022-12-22 15:47:20:1373][restartedMain] INFO  o.a.catalina.core.StandardEngine - Starting Servlet engine: [Apache Tomcat/10.1.1]
[2022-12-22 15:47:20:1414][restartedMain] INFO  o.a.c.c.C.[Tomcat].[localhost].[/] - Initializing Spring embedded WebApplicationContext
[2022-12-22 15:47:20:1414][restartedMain] INFO  o.s.b.w.s.c.ServletWebServerApplicationContext - Root WebApplicationContext: initialization completed in 920 ms
[2022-12-22 15:47:20:1509][restartedMain] INFO  o.h.jpa.internal.util.LogHelper - HHH000204: Processing PersistenceUnitInfo [name: default]
[2022-12-22 15:47:20:1542][restartedMain] INFO  org.hibernate.Version - HHH000412: Hibernate ORM core version 6.1.5.Final
[2022-12-22 15:47:20:1658][restartedMain] WARN  org.hibernate.orm.deprecation - HHH90000021: Encountered deprecated setting [javax.persistence.sharedCache.mode], use [jakarta.persistence.sharedCache.mode] instead
[2022-12-22 15:47:20:1732][restartedMain] INFO  com.zaxxer.hikari.HikariDataSource - HikariPool-1 - Starting...
[2022-12-22 15:47:21:2023][restartedMain] INFO  com.zaxxer.hikari.pool.HikariPool - HikariPool-1 - Added connection com.mysql.cj.jdbc.ConnectionImpl@1301f16d
[2022-12-22 15:47:21:2025][restartedMain] INFO  com.zaxxer.hikari.HikariDataSource - HikariPool-1 - Start completed.
[2022-12-22 15:47:21:2080][restartedMain] INFO  SQL dialect - HHH000400: Using dialect: org.hibernate.dialect.MySQLDialect
[2022-12-22 15:47:21:2194][restartedMain] WARN  o.s.c.LocalVariableTableParameterNameDiscoverer - Using deprecated '-debug' fallback for parameter name resolution. Compile the affected code with '-parameters' instead or avoid its introspection: com.team6.hanghaesisters.util.PasswordEncConverter
[2022-12-22 15:47:21:2198][restartedMain] WARN  o.s.c.LocalVariableTableParameterNameDiscoverer - Using deprecated '-debug' fallback for parameter name resolution. Compile the affected code with '-parameters' instead or avoid its introspection: com.team6.hanghaesisters.security.jwt.JwtUtil
[2022-12-22 15:47:21:2698][restartedMain] INFO  o.h.e.t.j.p.i.JtaPlatformInitiator - HHH000490: Using JtaPlatform implementation: [org.hibernate.engine.transaction.jta.platform.internal.NoJtaPlatform]
[2022-12-22 15:47:21:2704][restartedMain] INFO  o.s.o.j.LocalContainerEntityManagerFactoryBean - Initialized JPA EntityManagerFactory for persistence unit 'default'
[2022-12-22 15:47:21:2711][restartedMain] WARN  o.s.c.LocalVariableTableParameterNameDiscoverer - Using deprecated '-debug' fallback for parameter name resolution. Compile the affected code with '-parameters' instead or avoid its introspection: com.team6.hanghaesisters.controller.CommentController
[2022-12-22 15:47:21:2713][restartedMain] WARN  o.s.c.LocalVariableTableParameterNameDiscoverer - Using deprecated '-debug' fallback for parameter name resolution. Compile the affected code with '-parameters' instead or avoid its introspection: com.team6.hanghaesisters.service.CommentService
[2022-12-22 15:47:21:2850][restartedMain] WARN  o.s.c.LocalVariableTableParameterNameDiscoverer - Using deprecated '-debug' fallback for parameter name resolution. Compile the affected code with '-parameters' instead or avoid its introspection: com.team6.hanghaesisters.repository.PostRepository
[2022-12-22 15:47:22:3066][restartedMain] WARN  o.s.c.LocalVariableTableParameterNameDiscoverer - Using deprecated '-debug' fallback for parameter name resolution. Compile the affected code with '-parameters' instead or avoid its introspection: com.team6.hanghaesisters.repository.UserRepository
[2022-12-22 15:47:22:3083][restartedMain] WARN  o.s.c.LocalVariableTableParameterNameDiscoverer - Using deprecated '-debug' fallback for parameter name resolution. Compile the affected code with '-parameters' instead or avoid its introspection: com.team6.hanghaesisters.controller.PostController
[2022-12-22 15:47:22:3084][restartedMain] WARN  o.s.c.LocalVariableTableParameterNameDiscoverer - Using deprecated '-debug' fallback for parameter name resolution. Compile the affected code with '-parameters' instead or avoid its introspection: com.team6.hanghaesisters.service.PostService
[2022-12-22 15:47:22:3113][restartedMain] WARN  o.s.c.LocalVariableTableParameterNameDiscoverer - Using deprecated '-debug' fallback for parameter name resolution. Compile the affected code with '-parameters' instead or avoid its introspection: com.team6.hanghaesisters.controller.UserController
[2022-12-22 15:47:22:3114][restartedMain] WARN  o.s.c.LocalVariableTableParameterNameDiscoverer - Using deprecated '-debug' fallback for parameter name resolution. Compile the affected code with '-parameters' instead or avoid its introspection: com.team6.hanghaesisters.service.UserService
[2022-12-22 15:47:22:3130][restartedMain] WARN  o.s.c.LocalVariableTableParameterNameDiscoverer - Using deprecated '-debug' fallback for parameter name resolution. Compile the affected code with '-parameters' instead or avoid its introspection: com.team6.hanghaesisters.scheduler.HospitalScheduler
[2022-12-22 15:47:22:3131][restartedMain] WARN  o.s.c.LocalVariableTableParameterNameDiscoverer - Using deprecated '-debug' fallback for parameter name resolution. Compile the affected code with '-parameters' instead or avoid its introspection: com.team6.hanghaesisters.service.HospitalService
[2022-12-22 15:47:22:3138][restartedMain] WARN  o.s.c.LocalVariableTableParameterNameDiscoverer - Using deprecated '-debug' fallback for parameter name resolution. Compile the affected code with '-parameters' instead or avoid its introspection: com.team6.hanghaesisters.security.CustomAuthenticationProvider
[2022-12-22 15:47:22:3139][restartedMain] WARN  o.s.c.LocalVariableTableParameterNameDiscoverer - Using deprecated '-debug' fallback for parameter name resolution. Compile the affected code with '-parameters' instead or avoid its introspection: com.team6.hanghaesisters.security.UserDetailsServiceImpl
[2022-12-22 15:47:22:3140][restartedMain] WARN  o.s.c.LocalVariableTableParameterNameDiscoverer - Using deprecated '-debug' fallback for parameter name resolution. Compile the affected code with '-parameters' instead or avoid its introspection: com.team6.hanghaesisters.validation.SignupValidator
[2022-12-22 15:47:22:3157][restartedMain] WARN  o.s.b.a.o.j.JpaBaseConfiguration$JpaWebConfiguration - spring.jpa.open-in-view is enabled by default. Therefore, database queries may be performed during view rendering. Explicitly configure spring.jpa.open-in-view to disable this warning
[2022-12-22 15:47:22:3205][restartedMain] WARN  o.s.c.LocalVariableTableParameterNameDiscoverer - Using deprecated '-debug' fallback for parameter name resolution. Compile the affected code with '-parameters' instead or avoid its introspection: com.team6.hanghaesisters.security.WebSecurityConfig
[2022-12-22 15:47:22:3293][restartedMain] INFO  o.s.s.w.DefaultSecurityFilterChain - Will secure any request with [org.springframework.security.web.session.DisableEncodeUrlFilter@3d57a91f, org.springframework.security.web.context.request.async.WebAsyncManagerIntegrationFilter@15161a78, org.springframework.security.web.context.SecurityContextHolderFilter@7a30806c, org.springframework.security.web.header.HeaderWriterFilter@46fe3ff0, org.springframework.web.filter.CorsFilter@1a34f41a, org.springframework.security.web.authentication.logout.LogoutFilter@30e9cafc, com.team6.hanghaesisters.security.jwt.JwtAuthFilter@4e4b2d93, org.springframework.security.web.savedrequest.RequestCacheAwareFilter@56ef41f5, org.springframework.security.web.servletapi.SecurityContextHolderAwareRequestFilter@207c1bb, org.springframework.security.web.authentication.AnonymousAuthenticationFilter@4e546a14, org.springframework.security.web.session.SessionManagementFilter@61ca55f7, org.springframework.security.web.access.ExceptionTranslationFilter@e463429, org.springframework.security.web.access.intercept.AuthorizationFilter@7f29d647]
[2022-12-22 15:47:22:3425][restartedMain] INFO  o.s.b.d.a.OptionalLiveReloadServer - LiveReload server is running on port 35729
[2022-12-22 15:47:22:3435][restartedMain] INFO  o.a.coyote.http11.Http11NioProtocol - Starting ProtocolHandler ["http-nio-8080"]
[2022-12-22 15:47:22:3448][restartedMain] INFO  o.s.b.w.e.tomcat.TomcatWebServer - Tomcat started on port(s): 8080 (http) with context path ''
[2022-12-22 15:47:22:3456][restartedMain] INFO  c.t.h.HanghaesistersApplication - Started HanghaesistersApplication in 3.32 seconds (process running for 3.73)
[2022-12-22 15:47:37:18152][http-nio-8080-exec-1] INFO  o.a.c.c.C.[Tomcat].[localhost].[/] - Initializing Spring DispatcherServlet 'dispatcherServlet'
[2022-12-22 15:47:37:18153][http-nio-8080-exec-1] INFO  o.s.web.servlet.DispatcherServlet - Initializing Servlet 'dispatcherServlet'
[2022-12-22 15:47:37:18154][http-nio-8080-exec-1] INFO  o.s.web.servlet.DispatcherServlet - Completed initialization in 1 ms
[2022-12-22 15:47:37:18187][http-nio-8080-exec-1] WARN  o.s.c.LocalVariableTableParameterNameDiscoverer - Using deprecated '-debug' fallback for parameter name resolution. Compile the affected code with '-parameters' instead or avoid its introspection: com.team6.hanghaesisters.controller.PostController
[2022-12-22 15:47:37:18192][http-nio-8080-exec-1] WARN  o.s.w.s.m.s.DefaultHandlerExceptionResolver - Resolved [org.springframework.web.method.annotation.MethodArgumentTypeMismatchException: Failed to convert value of type 'java.lang.String' to required type 'java.lang.Long'; For input string: "hospital"]
[2022-12-22 15:47:37:18197][http-nio-8080-exec-1] ERROR c.t.h.s.e.CustomAuthenticationEntryPoint - Full authentication is required to access this resource
[2022-12-22 15:48:50:91116][http-nio-8080-exec-4] ERROR c.t.h.s.e.CustomAuthenticationEntryPoint - Full authentication is required to access this resource
[2022-12-22 15:52:06:287539][SpringApplicationShutdownHook] INFO  o.s.o.j.LocalContainerEntityManagerFactoryBean - Closing JPA EntityManagerFactory for persistence unit 'default'
[2022-12-22 15:52:06:287541][SpringApplicationShutdownHook] INFO  com.zaxxer.hikari.HikariDataSource - HikariPool-1 - Shutdown initiated...
[2022-12-22 15:52:06:287620][SpringApplicationShutdownHook] INFO  com.zaxxer.hikari.HikariDataSource - HikariPool-1 - Shutdown completed.
[2022-12-22 15:52:09:370][background-preinit] INFO  o.h.validator.internal.util.Version - HV000001: Hibernate Validator 8.0.0.Final
[2022-12-22 15:52:09:392][restartedMain] INFO  c.t.h.HanghaesistersApplication - Starting HanghaesistersApplication using Java 17.0.5 with PID 2828 (C:\Users\gkim3\IdeaProjects\SistersBack\out\production\classes started by gkim3 in C:\Users\gkim3\IdeaProjects\SistersBack)
[2022-12-22 15:52:09:393][restartedMain] INFO  c.t.h.HanghaesistersApplication - The following 1 profile is active: "security"
[2022-12-22 15:52:09:417][restartedMain] INFO  o.s.b.d.e.DevToolsPropertyDefaultsPostProcessor - Devtools property defaults active! Set 'spring.devtools.add-properties' to 'false' to disable
[2022-12-22 15:52:09:417][restartedMain] INFO  o.s.b.d.e.DevToolsPropertyDefaultsPostProcessor - For additional web related logging consider setting the 'logging.level.web' property to 'DEBUG'
[2022-12-22 15:52:09:800][restartedMain] INFO  o.s.d.r.c.RepositoryConfigurationDelegate - Bootstrapping Spring Data JPA repositories in DEFAULT mode.
[2022-12-22 15:52:09:848][restartedMain] INFO  o.s.d.r.c.RepositoryConfigurationDelegate - Finished Spring Data repository scanning in 44 ms. Found 4 JPA repository interfaces.
[2022-12-22 15:52:10:1170][restartedMain] INFO  o.s.b.w.e.tomcat.TomcatWebServer - Tomcat initialized with port(s): 8080 (http)
[2022-12-22 15:52:10:1175][restartedMain] INFO  o.a.coyote.http11.Http11NioProtocol - Initializing ProtocolHandler ["http-nio-8080"]
[2022-12-22 15:52:10:1176][restartedMain] INFO  o.a.catalina.core.StandardService - Starting service [Tomcat]
[2022-12-22 15:52:10:1176][restartedMain] INFO  o.a.catalina.core.StandardEngine - Starting Servlet engine: [Apache Tomcat/10.1.1]
[2022-12-22 15:52:10:1214][restartedMain] INFO  o.a.c.c.C.[Tomcat].[localhost].[/] - Initializing Spring embedded WebApplicationContext
[2022-12-22 15:52:10:1215][restartedMain] INFO  o.s.b.w.s.c.ServletWebServerApplicationContext - Root WebApplicationContext: initialization completed in 797 ms
[2022-12-22 15:52:10:1297][restartedMain] INFO  o.h.jpa.internal.util.LogHelper - HHH000204: Processing PersistenceUnitInfo [name: default]
[2022-12-22 15:52:10:1326][restartedMain] INFO  org.hibernate.Version - HHH000412: Hibernate ORM core version 6.1.5.Final
[2022-12-22 15:52:10:1426][restartedMain] WARN  org.hibernate.orm.deprecation - HHH90000021: Encountered deprecated setting [javax.persistence.sharedCache.mode], use [jakarta.persistence.sharedCache.mode] instead
[2022-12-22 15:52:10:1495][restartedMain] INFO  com.zaxxer.hikari.HikariDataSource - HikariPool-1 - Starting...
[2022-12-22 15:52:10:1769][restartedMain] INFO  com.zaxxer.hikari.pool.HikariPool - HikariPool-1 - Added connection com.mysql.cj.jdbc.ConnectionImpl@49f7706d
[2022-12-22 15:52:10:1770][restartedMain] INFO  com.zaxxer.hikari.HikariDataSource - HikariPool-1 - Start completed.
[2022-12-22 15:52:10:1820][restartedMain] INFO  SQL dialect - HHH000400: Using dialect: org.hibernate.dialect.MySQLDialect
[2022-12-22 15:52:10:1918][restartedMain] WARN  o.s.c.LocalVariableTableParameterNameDiscoverer - Using deprecated '-debug' fallback for parameter name resolution. Compile the affected code with '-parameters' instead or avoid its introspection: com.team6.hanghaesisters.util.PasswordEncConverter
[2022-12-22 15:52:10:1921][restartedMain] WARN  o.s.c.LocalVariableTableParameterNameDiscoverer - Using deprecated '-debug' fallback for parameter name resolution. Compile the affected code with '-parameters' instead or avoid its introspection: com.team6.hanghaesisters.security.jwt.JwtUtil
[2022-12-22 15:52:11:2346][restartedMain] INFO  o.h.e.t.j.p.i.JtaPlatformInitiator - HHH000490: Using JtaPlatform implementation: [org.hibernate.engine.transaction.jta.platform.internal.NoJtaPlatform]
[2022-12-22 15:52:11:2351][restartedMain] INFO  o.s.o.j.LocalContainerEntityManagerFactoryBean - Initialized JPA EntityManagerFactory for persistence unit 'default'
[2022-12-22 15:52:11:2357][restartedMain] WARN  o.s.c.LocalVariableTableParameterNameDiscoverer - Using deprecated '-debug' fallback for parameter name resolution. Compile the affected code with '-parameters' instead or avoid its introspection: com.team6.hanghaesisters.controller.CommentController
[2022-12-22 15:52:11:2359][restartedMain] WARN  o.s.c.LocalVariableTableParameterNameDiscoverer - Using deprecated '-debug' fallback for parameter name resolution. Compile the affected code with '-parameters' instead or avoid its introspection: com.team6.hanghaesisters.service.CommentService
[2022-12-22 15:52:11:2474][restartedMain] WARN  o.s.c.LocalVariableTableParameterNameDiscoverer - Using deprecated '-debug' fallback for parameter name resolution. Compile the affected code with '-parameters' instead or avoid its introspection: com.team6.hanghaesisters.repository.PostRepository
[2022-12-22 15:52:11:2663][restartedMain] WARN  o.s.c.LocalVariableTableParameterNameDiscoverer - Using deprecated '-debug' fallback for parameter name resolution. Compile the affected code with '-parameters' instead or avoid its introspection: com.team6.hanghaesisters.repository.UserRepository
[2022-12-22 15:52:11:2677][restartedMain] WARN  o.s.c.LocalVariableTableParameterNameDiscoverer - Using deprecated '-debug' fallback for parameter name resolution. Compile the affected code with '-parameters' instead or avoid its introspection: com.team6.hanghaesisters.controller.PostController
[2022-12-22 15:52:11:2679][restartedMain] WARN  o.s.c.LocalVariableTableParameterNameDiscoverer - Using deprecated '-debug' fallback for parameter name resolution. Compile the affected code with '-parameters' instead or avoid its introspection: com.team6.hanghaesisters.service.PostService
[2022-12-22 15:52:11:2704][restartedMain] WARN  o.s.c.LocalVariableTableParameterNameDiscoverer - Using deprecated '-debug' fallback for parameter name resolution. Compile the affected code with '-parameters' instead or avoid its introspection: com.team6.hanghaesisters.controller.UserController
[2022-12-22 15:52:11:2704][restartedMain] WARN  o.s.c.LocalVariableTableParameterNameDiscoverer - Using deprecated '-debug' fallback for parameter name resolution. Compile the affected code with '-parameters' instead or avoid its introspection: com.team6.hanghaesisters.service.UserService
[2022-12-22 15:52:11:2718][restartedMain] WARN  o.s.c.LocalVariableTableParameterNameDiscoverer - Using deprecated '-debug' fallback for parameter name resolution. Compile the affected code with '-parameters' instead or avoid its introspection: com.team6.hanghaesisters.scheduler.HospitalScheduler
[2022-12-22 15:52:11:2718][restartedMain] WARN  o.s.c.LocalVariableTableParameterNameDiscoverer - Using deprecated '-debug' fallback for parameter name resolution. Compile the affected code with '-parameters' instead or avoid its introspection: com.team6.hanghaesisters.service.HospitalService
[2022-12-22 15:52:11:2725][restartedMain] WARN  o.s.c.LocalVariableTableParameterNameDiscoverer - Using deprecated '-debug' fallback for parameter name resolution. Compile the affected code with '-parameters' instead or avoid its introspection: com.team6.hanghaesisters.security.CustomAuthenticationProvider
[2022-12-22 15:52:11:2725][restartedMain] WARN  o.s.c.LocalVariableTableParameterNameDiscoverer - Using deprecated '-debug' fallback for parameter name resolution. Compile the affected code with '-parameters' instead or avoid its introspection: com.team6.hanghaesisters.security.UserDetailsServiceImpl
[2022-12-22 15:52:11:2726][restartedMain] WARN  o.s.c.LocalVariableTableParameterNameDiscoverer - Using deprecated '-debug' fallback for parameter name resolution. Compile the affected code with '-parameters' instead or avoid its introspection: com.team6.hanghaesisters.validation.SignupValidator
[2022-12-22 15:52:11:2740][restartedMain] WARN  o.s.b.a.o.j.JpaBaseConfiguration$JpaWebConfiguration - spring.jpa.open-in-view is enabled by default. Therefore, database queries may be performed during view rendering. Explicitly configure spring.jpa.open-in-view to disable this warning
[2022-12-22 15:52:11:2780][restartedMain] WARN  o.s.c.LocalVariableTableParameterNameDiscoverer - Using deprecated '-debug' fallback for parameter name resolution. Compile the affected code with '-parameters' instead or avoid its introspection: com.team6.hanghaesisters.security.WebSecurityConfig
[2022-12-22 15:52:11:2851][restartedMain] INFO  o.s.s.w.DefaultSecurityFilterChain - Will secure any request with [org.springframework.security.web.session.DisableEncodeUrlFilter@6b0b2548, org.springframework.security.web.context.request.async.WebAsyncManagerIntegrationFilter@5b310c7b, org.springframework.security.web.context.SecurityContextHolderFilter@3f62096e, org.springframework.security.web.header.HeaderWriterFilter@6c7ce86, org.springframework.web.filter.CorsFilter@7e1acbdf, org.springframework.security.web.authentication.logout.LogoutFilter@2fae409e, com.team6.hanghaesisters.security.jwt.JwtAuthFilter@3c8edc99, org.springframework.security.web.savedrequest.RequestCacheAwareFilter@1e005ebd, org.springframework.security.web.servletapi.SecurityContextHolderAwareRequestFilter@7b53d084, org.springframework.security.web.authentication.AnonymousAuthenticationFilter@e1d8f25, org.springframework.security.web.session.SessionManagementFilter@57bc1e78, org.springframework.security.web.access.ExceptionTranslationFilter@4e61922c, org.springframework.security.web.access.intercept.AuthorizationFilter@ffb0f3a]
[2022-12-22 15:52:11:2959][restartedMain] INFO  o.s.b.d.a.OptionalLiveReloadServer - LiveReload server is running on port 35729
[2022-12-22 15:52:11:2970][restartedMain] INFO  o.a.coyote.http11.Http11NioProtocol - Starting ProtocolHandler ["http-nio-8080"]
[2022-12-22 15:52:11:2982][restartedMain] INFO  o.s.b.w.e.tomcat.TomcatWebServer - Tomcat started on port(s): 8080 (http) with context path ''
[2022-12-22 15:52:11:2989][restartedMain] INFO  c.t.h.HanghaesistersApplication - Started HanghaesistersApplication in 2.874 seconds (process running for 3.222)
[2022-12-22 15:52:26:17623][http-nio-8080-exec-1] INFO  o.a.c.c.C.[Tomcat].[localhost].[/] - Initializing Spring DispatcherServlet 'dispatcherServlet'
[2022-12-22 15:52:26:17624][http-nio-8080-exec-1] INFO  o.s.web.servlet.DispatcherServlet - Initializing Servlet 'dispatcherServlet'
[2022-12-22 15:52:26:17625][http-nio-8080-exec-1] INFO  o.s.web.servlet.DispatcherServlet - Completed initialization in 1 ms
[2022-12-22 15:52:26:17737][http-nio-8080-exec-1] INFO  c.t.h.service.PostService - []
[2022-12-22 15:52:31:23086][http-nio-8080-exec-3] INFO  c.t.h.service.PostService - []
[2022-12-22 15:52:35:26494][http-nio-8080-exec-4] INFO  c.t.h.service.PostService - []
[2022-12-22 15:54:43:154240][http-nio-8080-exec-6] ERROR c.t.h.s.e.CustomAuthenticationEntryPoint - Full authentication is required to access this resource
[2022-12-22 16:04:00:711230][http-nio-8080-exec-8] ERROR c.t.h.s.e.CustomAuthenticationEntryPoint - Full authentication is required to access this resource
[2022-12-22 16:05:26:797763][SpringApplicationShutdownHook] INFO  o.s.o.j.LocalContainerEntityManagerFactoryBean - Closing JPA EntityManagerFactory for persistence unit 'default'
[2022-12-22 16:05:26:797765][SpringApplicationShutdownHook] INFO  com.zaxxer.hikari.HikariDataSource - HikariPool-1 - Shutdown initiated...
[2022-12-22 16:05:26:797847][SpringApplicationShutdownHook] INFO  com.zaxxer.hikari.HikariDataSource - HikariPool-1 - Shutdown completed.
[2022-12-22 16:05:29:392][background-preinit] INFO  o.h.validator.internal.util.Version - HV000001: Hibernate Validator 8.0.0.Final
[2022-12-22 16:05:29:414][restartedMain] INFO  c.t.h.HanghaesistersApplication - Starting HanghaesistersApplication using Java 17.0.5 with PID 13968 (C:\Users\gkim3\IdeaProjects\SistersBack\out\production\classes started by gkim3 in C:\Users\gkim3\IdeaProjects\SistersBack)
[2022-12-22 16:05:29:414][restartedMain] INFO  c.t.h.HanghaesistersApplication - The following 1 profile is active: "security"
[2022-12-22 16:05:29:439][restartedMain] INFO  o.s.b.d.e.DevToolsPropertyDefaultsPostProcessor - Devtools property defaults active! Set 'spring.devtools.add-properties' to 'false' to disable
[2022-12-22 16:05:29:439][restartedMain] INFO  o.s.b.d.e.DevToolsPropertyDefaultsPostProcessor - For additional web related logging consider setting the 'logging.level.web' property to 'DEBUG'
[2022-12-22 16:05:29:847][restartedMain] INFO  o.s.d.r.c.RepositoryConfigurationDelegate - Bootstrapping Spring Data JPA repositories in DEFAULT mode.
[2022-12-22 16:05:29:887][restartedMain] INFO  o.s.d.r.c.RepositoryConfigurationDelegate - Finished Spring Data repository scanning in 35 ms. Found 4 JPA repository interfaces.
[2022-12-22 16:05:30:1207][restartedMain] INFO  o.s.b.w.e.tomcat.TomcatWebServer - Tomcat initialized with port(s): 8080 (http)
[2022-12-22 16:05:30:1213][restartedMain] INFO  o.a.coyote.http11.Http11NioProtocol - Initializing ProtocolHandler ["http-nio-8080"]
[2022-12-22 16:05:30:1213][restartedMain] INFO  o.a.catalina.core.StandardService - Starting service [Tomcat]
[2022-12-22 16:05:30:1214][restartedMain] INFO  o.a.catalina.core.StandardEngine - Starting Servlet engine: [Apache Tomcat/10.1.1]
[2022-12-22 16:05:30:1259][restartedMain] INFO  o.a.c.c.C.[Tomcat].[localhost].[/] - Initializing Spring embedded WebApplicationContext
[2022-12-22 16:05:30:1259][restartedMain] INFO  o.s.b.w.s.c.ServletWebServerApplicationContext - Root WebApplicationContext: initialization completed in 820 ms
[2022-12-22 16:05:30:1367][restartedMain] INFO  o.h.jpa.internal.util.LogHelper - HHH000204: Processing PersistenceUnitInfo [name: default]
[2022-12-22 16:05:30:1407][restartedMain] INFO  org.hibernate.Version - HHH000412: Hibernate ORM core version 6.1.5.Final
[2022-12-22 16:05:30:1524][restartedMain] WARN  org.hibernate.orm.deprecation - HHH90000021: Encountered deprecated setting [javax.persistence.sharedCache.mode], use [jakarta.persistence.sharedCache.mode] instead
[2022-12-22 16:05:30:1618][restartedMain] INFO  com.zaxxer.hikari.HikariDataSource - HikariPool-1 - Starting...
[2022-12-22 16:05:30:1926][restartedMain] INFO  com.zaxxer.hikari.pool.HikariPool - HikariPool-1 - Added connection com.mysql.cj.jdbc.ConnectionImpl@d4dabbb
[2022-12-22 16:05:30:1927][restartedMain] INFO  com.zaxxer.hikari.HikariDataSource - HikariPool-1 - Start completed.
[2022-12-22 16:05:31:1983][restartedMain] INFO  SQL dialect - HHH000400: Using dialect: org.hibernate.dialect.MySQLDialect
[2022-12-22 16:05:31:2090][restartedMain] WARN  o.s.c.LocalVariableTableParameterNameDiscoverer - Using deprecated '-debug' fallback for parameter name resolution. Compile the affected code with '-parameters' instead or avoid its introspection: com.team6.hanghaesisters.util.PasswordEncConverter
[2022-12-22 16:05:31:2093][restartedMain] WARN  o.s.c.LocalVariableTableParameterNameDiscoverer - Using deprecated '-debug' fallback for parameter name resolution. Compile the affected code with '-parameters' instead or avoid its introspection: com.team6.hanghaesisters.security.jwt.JwtUtil
[2022-12-22 16:05:31:2549][restartedMain] INFO  o.h.e.t.j.p.i.JtaPlatformInitiator - HHH000490: Using JtaPlatform implementation: [org.hibernate.engine.transaction.jta.platform.internal.NoJtaPlatform]
[2022-12-22 16:05:31:2554][restartedMain] INFO  o.s.o.j.LocalContainerEntityManagerFactoryBean - Initialized JPA EntityManagerFactory for persistence unit 'default'
[2022-12-22 16:05:31:2561][restartedMain] WARN  o.s.c.LocalVariableTableParameterNameDiscoverer - Using deprecated '-debug' fallback for parameter name resolution. Compile the affected code with '-parameters' instead or avoid its introspection: com.team6.hanghaesisters.controller.CommentController
[2022-12-22 16:05:31:2562][restartedMain] WARN  o.s.c.LocalVariableTableParameterNameDiscoverer - Using deprecated '-debug' fallback for parameter name resolution. Compile the affected code with '-parameters' instead or avoid its introspection: com.team6.hanghaesisters.service.CommentService
[2022-12-22 16:05:31:2685][restartedMain] WARN  o.s.c.LocalVariableTableParameterNameDiscoverer - Using deprecated '-debug' fallback for parameter name resolution. Compile the affected code with '-parameters' instead or avoid its introspection: com.team6.hanghaesisters.repository.PostRepository
[2022-12-22 16:05:31:2886][restartedMain] WARN  o.s.c.LocalVariableTableParameterNameDiscoverer - Using deprecated '-debug' fallback for parameter name resolution. Compile the affected code with '-parameters' instead or avoid its introspection: com.team6.hanghaesisters.repository.UserRepository
[2022-12-22 16:05:31:2902][restartedMain] WARN  o.s.c.LocalVariableTableParameterNameDiscoverer - Using deprecated '-debug' fallback for parameter name resolution. Compile the affected code with '-parameters' instead or avoid its introspection: com.team6.hanghaesisters.controller.PostController
[2022-12-22 16:05:31:2903][restartedMain] WARN  o.s.c.LocalVariableTableParameterNameDiscoverer - Using deprecated '-debug' fallback for parameter name resolution. Compile the affected code with '-parameters' instead or avoid its introspection: com.team6.hanghaesisters.service.PostService
[2022-12-22 16:05:31:2932][restartedMain] WARN  o.s.c.LocalVariableTableParameterNameDiscoverer - Using deprecated '-debug' fallback for parameter name resolution. Compile the affected code with '-parameters' instead or avoid its introspection: com.team6.hanghaesisters.controller.UserController
[2022-12-22 16:05:31:2933][restartedMain] WARN  o.s.c.LocalVariableTableParameterNameDiscoverer - Using deprecated '-debug' fallback for parameter name resolution. Compile the affected code with '-parameters' instead or avoid its introspection: com.team6.hanghaesisters.service.UserService
[2022-12-22 16:05:32:2948][restartedMain] WARN  o.s.c.LocalVariableTableParameterNameDiscoverer - Using deprecated '-debug' fallback for parameter name resolution. Compile the affected code with '-parameters' instead or avoid its introspection: com.team6.hanghaesisters.scheduler.HospitalScheduler
[2022-12-22 16:05:32:2949][restartedMain] WARN  o.s.c.LocalVariableTableParameterNameDiscoverer - Using deprecated '-debug' fallback for parameter name resolution. Compile the affected code with '-parameters' instead or avoid its introspection: com.team6.hanghaesisters.service.HospitalService
[2022-12-22 16:05:32:2956][restartedMain] WARN  o.s.c.LocalVariableTableParameterNameDiscoverer - Using deprecated '-debug' fallback for parameter name resolution. Compile the affected code with '-parameters' instead or avoid its introspection: com.team6.hanghaesisters.security.CustomAuthenticationProvider
[2022-12-22 16:05:32:2956][restartedMain] WARN  o.s.c.LocalVariableTableParameterNameDiscoverer - Using deprecated '-debug' fallback for parameter name resolution. Compile the affected code with '-parameters' instead or avoid its introspection: com.team6.hanghaesisters.security.UserDetailsServiceImpl
[2022-12-22 16:05:32:2957][restartedMain] WARN  o.s.c.LocalVariableTableParameterNameDiscoverer - Using deprecated '-debug' fallback for parameter name resolution. Compile the affected code with '-parameters' instead or avoid its introspection: com.team6.hanghaesisters.validation.SignupValidator
[2022-12-22 16:05:32:2973][restartedMain] WARN  o.s.b.a.o.j.JpaBaseConfiguration$JpaWebConfiguration - spring.jpa.open-in-view is enabled by default. Therefore, database queries may be performed during view rendering. Explicitly configure spring.jpa.open-in-view to disable this warning
[2022-12-22 16:05:32:3017][restartedMain] WARN  o.s.c.LocalVariableTableParameterNameDiscoverer - Using deprecated '-debug' fallback for parameter name resolution. Compile the affected code with '-parameters' instead or avoid its introspection: com.team6.hanghaesisters.security.WebSecurityConfig
[2022-12-22 16:05:32:3094][restartedMain] INFO  o.s.s.w.DefaultSecurityFilterChain - Will secure any request with [org.springframework.security.web.session.DisableEncodeUrlFilter@303aff9a, org.springframework.security.web.context.request.async.WebAsyncManagerIntegrationFilter@6fa3e4c1, org.springframework.security.web.context.SecurityContextHolderFilter@2a96399f, org.springframework.security.web.header.HeaderWriterFilter@5943c558, org.springframework.web.filter.CorsFilter@ffb0f3a, org.springframework.security.web.authentication.logout.LogoutFilter@2834eb3, com.team6.hanghaesisters.security.jwt.JwtAuthFilter@2fac39c6, org.springframework.security.web.savedrequest.RequestCacheAwareFilter@2200e96b, org.springframework.security.web.servletapi.SecurityContextHolderAwareRequestFilter@12068714, org.springframework.security.web.authentication.AnonymousAuthenticationFilter@488dd586, org.springframework.security.web.session.SessionManagementFilter@53dc7e39, org.springframework.security.web.access.ExceptionTranslationFilter@7e777b7f, org.springframework.security.web.access.intercept.AuthorizationFilter@1bf6a8e2]
[2022-12-22 16:05:32:3215][restartedMain] INFO  o.s.b.d.a.OptionalLiveReloadServer - LiveReload server is running on port 35729
[2022-12-22 16:05:32:3226][restartedMain] INFO  o.a.coyote.http11.Http11NioProtocol - Starting ProtocolHandler ["http-nio-8080"]
[2022-12-22 16:05:32:3238][restartedMain] INFO  o.s.b.w.e.tomcat.TomcatWebServer - Tomcat started on port(s): 8080 (http) with context path ''
[2022-12-22 16:05:32:3245][restartedMain] INFO  c.t.h.HanghaesistersApplication - Started HanghaesistersApplication in 3.121 seconds (process running for 3.498)
[2022-12-22 16:06:27:58885][http-nio-8080-exec-2] INFO  o.a.c.c.C.[Tomcat].[localhost].[/] - Initializing Spring DispatcherServlet 'dispatcherServlet'
[2022-12-22 16:06:27:58885][http-nio-8080-exec-2] INFO  o.s.web.servlet.DispatcherServlet - Initializing Servlet 'dispatcherServlet'
[2022-12-22 16:06:27:58886][http-nio-8080-exec-2] INFO  o.s.web.servlet.DispatcherServlet - Completed initialization in 0 ms
[2022-12-22 16:06:28:59134][http-nio-8080-exec-2] INFO  c.t.h.service.UserService - created jwt token
[2022-12-22 16:15:07:578614][http-nio-8080-exec-5] ERROR c.t.h.e.CustomExceptionHandler - custom exception occurred:    .
[2022-12-22 16:15:07:578616][http-nio-8080-exec-5] WARN  o.s.w.s.m.m.a.ExceptionHandlerExceptionResolver - Resolved [com.team6.hanghaesisters.exception.CustomException]
[2022-12-22 16:15:11:582624][http-nio-8080-exec-6] ERROR c.t.h.e.CustomExceptionHandler - custom exception occurred:    .
[2022-12-22 16:15:11:582625][http-nio-8080-exec-6] WARN  o.s.w.s.m.m.a.ExceptionHandlerExceptionResolver - Resolved [com.team6.hanghaesisters.exception.CustomException]
[2022-12-22 16:15:14:585322][http-nio-8080-exec-7] ERROR c.t.h.e.CustomExceptionHandler - custom exception occurred:    .
[2022-12-22 16:15:14:585323][http-nio-8080-exec-7] WARN  o.s.w.s.m.m.a.ExceptionHandlerExceptionResolver - Resolved [com.team6.hanghaesisters.exception.CustomException]
[2022-12-22 16:15:24:595529][SpringApplicationShutdownHook] INFO  o.s.o.j.LocalContainerEntityManagerFactoryBean - Closing JPA EntityManagerFactory for persistence unit 'default'
[2022-12-22 16:15:24:595531][SpringApplicationShutdownHook] INFO  com.zaxxer.hikari.HikariDataSource - HikariPool-1 - Shutdown initiated...
[2022-12-22 16:15:24:595614][SpringApplicationShutdownHook] INFO  com.zaxxer.hikari.HikariDataSource - HikariPool-1 - Shutdown completed.
[2022-12-22 16:15:30:416][background-preinit] INFO  o.h.validator.internal.util.Version - HV000001: Hibernate Validator 8.0.0.Final
[2022-12-22 16:15:30:440][restartedMain] INFO  c.t.h.HanghaesistersApplication - Starting HanghaesistersApplication using Java 17.0.5 with PID 14340 (C:\Users\gkim3\IdeaProjects\SistersBack\out\production\classes started by gkim3 in C:\Users\gkim3\IdeaProjects\SistersBack)
[2022-12-22 16:15:30:440][restartedMain] INFO  c.t.h.HanghaesistersApplication - The following 1 profile is active: "security"
[2022-12-22 16:15:30:468][restartedMain] INFO  o.s.b.d.e.DevToolsPropertyDefaultsPostProcessor - Devtools property defaults active! Set 'spring.devtools.add-properties' to 'false' to disable
[2022-12-22 16:15:30:468][restartedMain] INFO  o.s.b.d.e.DevToolsPropertyDefaultsPostProcessor - For additional web related logging consider setting the 'logging.level.web' property to 'DEBUG'
[2022-12-22 16:15:31:904][restartedMain] INFO  o.s.d.r.c.RepositoryConfigurationDelegate - Bootstrapping Spring Data JPA repositories in DEFAULT mode.
[2022-12-22 16:15:31:949][restartedMain] INFO  o.s.d.r.c.RepositoryConfigurationDelegate - Finished Spring Data repository scanning in 40 ms. Found 4 JPA repository interfaces.
[2022-12-22 16:15:31:1302][restartedMain] INFO  o.s.b.w.e.tomcat.TomcatWebServer - Tomcat initialized with port(s): 8080 (http)
[2022-12-22 16:15:31:1309][restartedMain] INFO  o.a.coyote.http11.Http11NioProtocol - Initializing ProtocolHandler ["http-nio-8080"]
[2022-12-22 16:15:31:1309][restartedMain] INFO  o.a.catalina.core.StandardService - Starting service [Tomcat]
[2022-12-22 16:15:31:1309][restartedMain] INFO  o.a.catalina.core.StandardEngine - Starting Servlet engine: [Apache Tomcat/10.1.1]
[2022-12-22 16:15:31:1348][restartedMain] INFO  o.a.c.c.C.[Tomcat].[localhost].[/] - Initializing Spring embedded WebApplicationContext
[2022-12-22 16:15:31:1348][restartedMain] INFO  o.s.b.w.s.c.ServletWebServerApplicationContext - Root WebApplicationContext: initialization completed in 879 ms
[2022-12-22 16:15:31:1443][restartedMain] INFO  o.h.jpa.internal.util.LogHelper - HHH000204: Processing PersistenceUnitInfo [name: default]
[2022-12-22 16:15:32:1475][restartedMain] INFO  org.hibernate.Version - HHH000412: Hibernate ORM core version 6.1.5.Final
[2022-12-22 16:15:32:1582][restartedMain] WARN  org.hibernate.orm.deprecation - HHH90000021: Encountered deprecated setting [javax.persistence.sharedCache.mode], use [jakarta.persistence.sharedCache.mode] instead
[2022-12-22 16:15:32:1655][restartedMain] INFO  com.zaxxer.hikari.HikariDataSource - HikariPool-1 - Starting...
[2022-12-22 16:15:32:1957][restartedMain] INFO  com.zaxxer.hikari.pool.HikariPool - HikariPool-1 - Added connection com.mysql.cj.jdbc.ConnectionImpl@4e843532
[2022-12-22 16:15:32:1958][restartedMain] INFO  com.zaxxer.hikari.HikariDataSource - HikariPool-1 - Start completed.
[2022-12-22 16:15:32:2017][restartedMain] INFO  SQL dialect - HHH000400: Using dialect: org.hibernate.dialect.MySQLDialect
[2022-12-22 16:15:32:2147][restartedMain] WARN  o.s.c.LocalVariableTableParameterNameDiscoverer - Using deprecated '-debug' fallback for parameter name resolution. Compile the affected code with '-parameters' instead or avoid its introspection: com.team6.hanghaesisters.util.PasswordEncConverter
[2022-12-22 16:15:32:2151][restartedMain] WARN  o.s.c.LocalVariableTableParameterNameDiscoverer - Using deprecated '-debug' fallback for parameter name resolution. Compile the affected code with '-parameters' instead or avoid its introspection: com.team6.hanghaesisters.security.jwt.JwtUtil
[2022-12-22 16:15:33:2635][restartedMain] INFO  o.h.e.t.j.p.i.JtaPlatformInitiator - HHH000490: Using JtaPlatform implementation: [org.hibernate.engine.transaction.jta.platform.internal.NoJtaPlatform]
[2022-12-22 16:15:33:2641][restartedMain] INFO  o.s.o.j.LocalContainerEntityManagerFactoryBean - Initialized JPA EntityManagerFactory for persistence unit 'default'
[2022-12-22 16:15:33:2647][restartedMain] WARN  o.s.c.LocalVariableTableParameterNameDiscoverer - Using deprecated '-debug' fallback for parameter name resolution. Compile the affected code with '-parameters' instead or avoid its introspection: com.team6.hanghaesisters.controller.CommentController
[2022-12-22 16:15:33:2649][restartedMain] WARN  o.s.c.LocalVariableTableParameterNameDiscoverer - Using deprecated '-debug' fallback for parameter name resolution. Compile the affected code with '-parameters' instead or avoid its introspection: com.team6.hanghaesisters.service.CommentService
[2022-12-22 16:15:33:2774][restartedMain] WARN  o.s.c.LocalVariableTableParameterNameDiscoverer - Using deprecated '-debug' fallback for parameter name resolution. Compile the affected code with '-parameters' instead or avoid its introspection: com.team6.hanghaesisters.repository.PostRepository
[2022-12-22 16:15:33:2972][restartedMain] WARN  o.s.c.LocalVariableTableParameterNameDiscoverer - Using deprecated '-debug' fallback for parameter name resolution. Compile the affected code with '-parameters' instead or avoid its introspection: com.team6.hanghaesisters.repository.UserRepository
[2022-12-22 16:15:33:2994][restartedMain] WARN  o.s.c.LocalVariableTableParameterNameDiscoverer - Using deprecated '-debug' fallback for parameter name resolution. Compile the affected code with '-parameters' instead or avoid its introspection: com.team6.hanghaesisters.controller.PostController
[2022-12-22 16:15:33:2995][restartedMain] WARN  o.s.c.LocalVariableTableParameterNameDiscoverer - Using deprecated '-debug' fallback for parameter name resolution. Compile the affected code with '-parameters' instead or avoid its introspection: com.team6.hanghaesisters.service.PostService
[2022-12-22 16:15:33:3042][restartedMain] WARN  o.s.c.LocalVariableTableParameterNameDiscoverer - Using deprecated '-debug' fallback for parameter name resolution. Compile the affected code with '-parameters' instead or avoid its introspection: com.team6.hanghaesisters.controller.UserController
[2022-12-22 16:15:33:3043][restartedMain] WARN  o.s.c.LocalVariableTableParameterNameDiscoverer - Using deprecated '-debug' fallback for parameter name resolution. Compile the affected code with '-parameters' instead or avoid its introspection: com.team6.hanghaesisters.service.UserService
[2022-12-22 16:15:33:3063][restartedMain] WARN  o.s.c.LocalVariableTableParameterNameDiscoverer - Using deprecated '-debug' fallback for parameter name resolution. Compile the affected code with '-parameters' instead or avoid its introspection: com.team6.hanghaesisters.scheduler.HospitalScheduler
[2022-12-22 16:15:33:3065][restartedMain] WARN  o.s.c.LocalVariableTableParameterNameDiscoverer - Using deprecated '-debug' fallback for parameter name resolution. Compile the affected code with '-parameters' instead or avoid its introspection: com.team6.hanghaesisters.service.HospitalService
[2022-12-22 16:15:33:3074][restartedMain] WARN  o.s.c.LocalVariableTableParameterNameDiscoverer - Using deprecated '-debug' fallback for parameter name resolution. Compile the affected code with '-parameters' instead or avoid its introspection: com.team6.hanghaesisters.security.CustomAuthenticationProvider
[2022-12-22 16:15:33:3075][restartedMain] WARN  o.s.c.LocalVariableTableParameterNameDiscoverer - Using deprecated '-debug' fallback for parameter name resolution. Compile the affected code with '-parameters' instead or avoid its introspection: com.team6.hanghaesisters.security.UserDetailsServiceImpl
[2022-12-22 16:15:33:3077][restartedMain] WARN  o.s.c.LocalVariableTableParameterNameDiscoverer - Using deprecated '-debug' fallback for parameter name resolution. Compile the affected code with '-parameters' instead or avoid its introspection: com.team6.hanghaesisters.validation.SignupValidator
[2022-12-22 16:15:33:3121][restartedMain] WARN  o.s.b.a.o.j.JpaBaseConfiguration$JpaWebConfiguration - spring.jpa.open-in-view is enabled by default. Therefore, database queries may be performed during view rendering. Explicitly configure spring.jpa.open-in-view to disable this warning
[2022-12-22 16:15:33:3188][restartedMain] WARN  o.s.c.LocalVariableTableParameterNameDiscoverer - Using deprecated '-debug' fallback for parameter name resolution. Compile the affected code with '-parameters' instead or avoid its introspection: com.team6.hanghaesisters.security.WebSecurityConfig
[2022-12-22 16:15:33:3301][restartedMain] INFO  o.s.s.w.DefaultSecurityFilterChain - Will secure any request with [org.springframework.security.web.session.DisableEncodeUrlFilter@7c0c358c, org.springframework.security.web.context.request.async.WebAsyncManagerIntegrationFilter@eeb64a0, org.springframework.security.web.context.SecurityContextHolderFilter@216eb9e3, org.springframework.security.web.header.HeaderWriterFilter@50cc28eb, org.springframework.web.filter.CorsFilter@7e2205fe, org.springframework.security.web.authentication.logout.LogoutFilter@2f0c3fe4, com.team6.hanghaesisters.security.jwt.JwtAuthFilter@4e61922c, org.springframework.security.web.savedrequest.RequestCacheAwareFilter@142231cd, org.springframework.security.web.servletapi.SecurityContextHolderAwareRequestFilter@34b6f16d, org.springframework.security.web.authentication.AnonymousAuthenticationFilter@53dc7e39, org.springframework.security.web.session.SessionManagementFilter@6d2b85, org.springframework.security.web.access.ExceptionTranslationFilter@2131e418, org.springframework.security.web.access.intercept.AuthorizationFilter@fde511f]
[2022-12-22 16:15:33:3450][restartedMain] INFO  o.s.b.d.a.OptionalLiveReloadServer - LiveReload server is running on port 35729
[2022-12-22 16:15:33:3461][restartedMain] INFO  o.a.coyote.http11.Http11NioProtocol - Starting ProtocolHandler ["http-nio-8080"]
[2022-12-22 16:15:34:3474][restartedMain] INFO  o.s.b.w.e.tomcat.TomcatWebServer - Tomcat started on port(s): 8080 (http) with context path ''
[2022-12-22 16:15:34:3481][restartedMain] INFO  c.t.h.HanghaesistersApplication - Started HanghaesistersApplication in 3.354 seconds (process running for 3.746)
[2022-12-22 16:15:35:4615][http-nio-8080-exec-2] INFO  o.a.c.c.C.[Tomcat].[localhost].[/] - Initializing Spring DispatcherServlet 'dispatcherServlet'
[2022-12-22 16:15:35:4615][http-nio-8080-exec-2] INFO  o.s.web.servlet.DispatcherServlet - Initializing Servlet 'dispatcherServlet'
[2022-12-22 16:15:35:4616][http-nio-8080-exec-2] INFO  o.s.web.servlet.DispatcherServlet - Completed initialization in 1 ms
[2022-12-22 16:15:38:8350][http-nio-8080-exec-3] ERROR c.t.h.e.CustomExceptionHandler - custom exception occurred:    .
[2022-12-22 16:15:38:8354][http-nio-8080-exec-3] WARN  o.s.w.s.m.m.a.ExceptionHandlerExceptionResolver - Resolved [com.team6.hanghaesisters.exception.CustomException]
[2022-12-22 16:15:44:13810][http-nio-8080-exec-4] ERROR c.t.h.e.CustomExceptionHandler - custom exception occurred:    .
[2022-12-22 16:15:44:13811][http-nio-8080-exec-4] WARN  o.s.w.s.m.m.a.ExceptionHandlerExceptionResolver - Resolved [com.team6.hanghaesisters.exception.CustomException]
[2022-12-22 16:27:13:702847][http-nio-8080-exec-7] INFO  o.a.coyote.http11.Http11Processor - Error parsing HTTP request header
 Note: further occurrences of HTTP request parsing errors will be logged at DEBUG level.
java.lang.IllegalArgumentException: Invalid character found in method name [0x040x010x00P0x000x000x000x010x00example.com0x00...]. HTTP method names must be tokens
	at org.apache.coyote.http11.Http11InputBuffer.parseRequestLine(Http11InputBuffer.java:419)
	at org.apache.coyote.http11.Http11Processor.service(Http11Processor.java:272)
	at org.apache.coyote.AbstractProcessorLight.process(AbstractProcessorLight.java:65)
	at org.apache.coyote.AbstractProtocol$ConnectionHandler.process(AbstractProtocol.java:861)
	at org.apache.tomcat.util.net.NioEndpoint$SocketProcessor.doRun(NioEndpoint.java:1739)
	at org.apache.tomcat.util.net.SocketProcessorBase.run(SocketProcessorBase.java:52)
	at org.apache.tomcat.util.threads.ThreadPoolExecutor.runWorker(ThreadPoolExecutor.java:1191)
	at org.apache.tomcat.util.threads.ThreadPoolExecutor$Worker.run(ThreadPoolExecutor.java:659)
	at org.apache.tomcat.util.threads.TaskThread$WrappingRunnable.run(TaskThread.java:61)
	at java.base/java.lang.Thread.run(Thread.java:833)
[2022-12-22 17:55:14:5983989][http-nio-8080-exec-1] ERROR c.t.h.s.e.CustomAuthenticationEntryPoint - Full authentication is required to access this resource
[2022-12-22 17:56:44:6074101][http-nio-8080-exec-2] ERROR c.t.h.s.e.CustomAuthenticationEntryPoint - Full authentication is required to access this resource
[2022-12-22 18:37:26:8515498][http-nio-8080-exec-4] ERROR c.t.h.s.e.CustomAuthenticationEntryPoint - Full authentication is required to access this resource
[2022-12-22 18:37:26:8515833][http-nio-8080-exec-6] ERROR c.t.h.s.e.CustomAuthenticationEntryPoint - Full authentication is required to access this resource
[2022-12-22 18:38:40:8589993][SpringApplicationShutdownHook] INFO  o.s.o.j.LocalContainerEntityManagerFactoryBean - Closing JPA EntityManagerFactory for persistence unit 'default'
[2022-12-22 18:38:40:8590006][SpringApplicationShutdownHook] INFO  com.zaxxer.hikari.HikariDataSource - HikariPool-1 - Shutdown initiated...
[2022-12-22 18:38:40:8590087][SpringApplicationShutdownHook] INFO  com.zaxxer.hikari.HikariDataSource - HikariPool-1 - Shutdown completed.
